<?xml version="1.0" encoding="UTF-8"?>
<testng-results skipped="0" failed="0" total="1" passed="1">
  <reporter-output>
  </reporter-output>
  <suite name="Default suite" duration-ms="7293" started-at="2020-01-09T12:32:55Z" finished-at="2020-01-09T12:33:02Z">
    <groups>
    </groups>
    <test name="Default test" duration-ms="7293" started-at="2020-01-09T12:32:55Z" finished-at="2020-01-09T12:33:02Z">
      <class name="API.rest.restAPI_pseudo">
        <test-method status="PASS" signature="getdata()[pri:0, instance:API.rest.restAPI_pseudo@4cc0edeb]" name="getdata" duration-ms="7257" started-at="2020-01-09T18:02:55Z" finished-at="2020-01-09T18:03:02Z">
          <reporter-output>
          </reporter-output>
        </test-method> <!-- getdata -->
      </class> <!-- API.rest.restAPI_pseudo -->
    </test> <!-- Default test -->
  </suite> <!-- Default suite -->
</testng-results>
